<?xml version="1.0" encoding="UTF-8"?>
<!-- Generated by org.testng.reporters.JUnitReportReporter -->
<testsuite ignored="0" hostname="Gowtham" failures="0" tests="4" name="testNg.GroupingPractice" time="0.056" errors="0" timestamp="25 Apr 2022 11:44:25 GMT" skipped="0">
  <testcase classname="testNg.GroupingPractice" name="Pizaa" time="0.004"/>
  <testcase classname="testNg.GroupingPractice" name="ipad" time="0.009"/>
  <testcase classname="testNg.GroupingPractice" name="Mobiles" time="0.041"/>
  <testcase classname="testNg.GroupingPractice" name="pasta" time="0.002"/>
</testsuite> <!-- testNg.GroupingPractice -->
