<?xml version="1.0" encoding="UTF-8"?>
<!-- Generated by org.testng.reporters.JUnitReportReporter -->
<testsuite ignored="0" hostname="Gowtham" failures="0" tests="4" name="testNg.GroupsOfGroupPractice" time="0.039" errors="0" timestamp="25 Apr 2022 11:49:31 GMT" skipped="0">
  <testcase classname="testNg.GroupsOfGroupPractice" name="Mobiles" time="0.026"/>
  <testcase classname="testNg.GroupsOfGroupPractice" name="Pizaa" time="0.003"/>
  <testcase classname="testNg.GroupsOfGroupPractice" name="pasta" time="0.004"/>
  <testcase classname="testNg.GroupsOfGroupPractice" name="ipad" time="0.006"/>
</testsuite> <!-- testNg.GroupsOfGroupPractice -->
