<?xml version="1.0" encoding="UTF-8"?>
<!-- Generated by org.testng.reporters.JUnitReportReporter -->
<testsuite ignored="0" hostname="Gowtham" failures="0" tests="1" name="testNg.Assert_practice" time="0.033" errors="0" timestamp="25 Apr 2022 11:17:34 GMT" skipped="0">
  <testcase classname="testNg.Assert_practice" name="test" time="0.033"/>
</testsuite> <!-- testNg.Assert_practice -->
