<?xml version="1.0" encoding="UTF-8"?>
<!-- Generated by org.testng.reporters.JUnitReportReporter -->
<testsuite ignored="0" hostname="Gowtham" failures="0" tests="1" name="testNg.PracticeTestNG" time="0.014" errors="0" timestamp="23 Apr 2022 08:15:33 GMT" skipped="0">
  <testcase classname="testNg.PracticeTestNG" name="Food" time="0.014"/>
</testsuite> <!-- testNg.PracticeTestNG -->
