<?xml version="1.0" encoding="UTF-8"?>
<!-- Generated by org.testng.reporters.JUnitReportReporter -->
<testsuite ignored="1" hostname="Gowtham" failures="0" tests="3" name="testNg.TestNGPractice" time="0.037" errors="0" timestamp="23 Apr 2022 08:15:19 GMT" skipped="0">
  <testcase classname="testNg.TestNGPractice" name="A" time="0.004"/>
  <testcase classname="testNg.TestNGPractice" name="A" time="0.031"/>
  <testcase classname="testNg.TestNGPractice" name="B" time="0.002"/>
  <testcase classname="testNg.TestNGPractice" name="C">
    <skipped/>
  </testcase> <!-- C -->
</testsuite> <!-- testNg.TestNGPractice -->
