<?xml version="1.0" encoding="UTF-8"?>
<!-- Generated by org.testng.reporters.JUnitReportReporter -->
<testsuite ignored="0" hostname="Gowtham" failures="0" tests="4" name="testNg.DataProvider_Practice" time="0.053" errors="0" timestamp="25 Apr 2022 17:13:01 GMT" skipped="0">
  <testcase classname="testNg.DataProvider_Practice" name="list" time="0.042"/>
  <testcase classname="testNg.DataProvider_Practice" name="list" time="0.003"/>
  <testcase classname="testNg.DataProvider_Practice" name="list" time="0.003"/>
  <testcase classname="testNg.DataProvider_Practice" name="list" time="0.005"/>
</testsuite> <!-- testNg.DataProvider_Practice -->
